-------------------------------------------------------------------------------
Test set: mthree.guessgamerest.data.RoundDaoDBTest
-------------------------------------------------------------------------------
Tests run: 3, Failures: 0, Errors: 3, Skipped: 0, Time elapsed: 15.199 s <<< FAILURE! - in mthree.guessgamerest.data.RoundDaoDBTest
testGetRoundsForGame(mthree.guessgamerest.data.RoundDaoDBTest)  Time elapsed: 5.077 s  <<< ERROR!
org.springframework.jdbc.CannotGetJdbcConnectionException: 
Failed to obtain JDBC Connection; nested exception is com.mysql.cj.jdbc.exceptions.CommunicationsException: Communications link failure

The last packet sent successfully to the server was 0 milliseconds ago. The driver has not received any packets from the server.
	at mthree.guessgamerest.data.RoundDaoDBTest.setUp(RoundDaoDBTest.java:50)
Caused by: com.mysql.cj.jdbc.exceptions.CommunicationsException: 
Communications link failure

The last packet sent successfully to the server was 0 milliseconds ago. The driver has not received any packets from the server.
	at mthree.guessgamerest.data.RoundDaoDBTest.setUp(RoundDaoDBTest.java:50)
Caused by: com.mysql.cj.exceptions.CJCommunicationsException: 
Communications link failure

The last packet sent successfully to the server was 0 milliseconds ago. The driver has not received any packets from the server.
	at mthree.guessgamerest.data.RoundDaoDBTest.setUp(RoundDaoDBTest.java:50)
Caused by: java.net.ConnectException: Connection refused: connect
	at mthree.guessgamerest.data.RoundDaoDBTest.setUp(RoundDaoDBTest.java:50)

testDeleteAll(mthree.guessgamerest.data.RoundDaoDBTest)  Time elapsed: 5.051 s  <<< ERROR!
org.springframework.jdbc.CannotGetJdbcConnectionException: 
Failed to obtain JDBC Connection; nested exception is com.mysql.cj.jdbc.exceptions.CommunicationsException: Communications link failure

The last packet sent successfully to the server was 0 milliseconds ago. The driver has not received any packets from the server.
	at mthree.guessgamerest.data.RoundDaoDBTest.setUp(RoundDaoDBTest.java:50)
Caused by: com.mysql.cj.jdbc.exceptions.CommunicationsException: 
Communications link failure

The last packet sent successfully to the server was 0 milliseconds ago. The driver has not received any packets from the server.
	at mthree.guessgamerest.data.RoundDaoDBTest.setUp(RoundDaoDBTest.java:50)
Caused by: com.mysql.cj.exceptions.CJCommunicationsException: 
Communications link failure

The last packet sent successfully to the server was 0 milliseconds ago. The driver has not received any packets from the server.
	at mthree.guessgamerest.data.RoundDaoDBTest.setUp(RoundDaoDBTest.java:50)
Caused by: java.net.ConnectException: Connection refused: connect
	at mthree.guessgamerest.data.RoundDaoDBTest.setUp(RoundDaoDBTest.java:50)

testAddGetRoundById(mthree.guessgamerest.data.RoundDaoDBTest)  Time elapsed: 5.069 s  <<< ERROR!
org.springframework.jdbc.CannotGetJdbcConnectionException: 
Failed to obtain JDBC Connection; nested exception is com.mysql.cj.jdbc.exceptions.CommunicationsException: Communications link failure

The last packet sent successfully to the server was 0 milliseconds ago. The driver has not received any packets from the server.
	at mthree.guessgamerest.data.RoundDaoDBTest.setUp(RoundDaoDBTest.java:50)
Caused by: com.mysql.cj.jdbc.exceptions.CommunicationsException: 
Communications link failure

The last packet sent successfully to the server was 0 milliseconds ago. The driver has not received any packets from the server.
	at mthree.guessgamerest.data.RoundDaoDBTest.setUp(RoundDaoDBTest.java:50)
Caused by: com.mysql.cj.exceptions.CJCommunicationsException: 
Communications link failure

The last packet sent successfully to the server was 0 milliseconds ago. The driver has not received any packets from the server.
	at mthree.guessgamerest.data.RoundDaoDBTest.setUp(RoundDaoDBTest.java:50)
Caused by: java.net.ConnectException: Connection refused: connect
	at mthree.guessgamerest.data.RoundDaoDBTest.setUp(RoundDaoDBTest.java:50)

